0 info it worked if it ends with ok
1 verbose cli [ 'node',
1 verbose cli   '/usr/local/bin/npm',
1 verbose cli   'install',
1 verbose cli   '-g',
1 verbose cli   'generator-element' ]
2 info using npm@1.4.28
3 info using node@v0.10.33
4 verbose cache add [ 'generator-element', null ]
5 verbose cache add name=undefined spec="generator-element" args=["generator-element",null]
6 verbose parsed url { protocol: null,
6 verbose parsed url   slashes: null,
6 verbose parsed url   auth: null,
6 verbose parsed url   host: null,
6 verbose parsed url   port: null,
6 verbose parsed url   hostname: null,
6 verbose parsed url   hash: null,
6 verbose parsed url   search: null,
6 verbose parsed url   query: null,
6 verbose parsed url   pathname: 'generator-element',
6 verbose parsed url   path: 'generator-element',
6 verbose parsed url   href: 'generator-element' }
7 silly lockFile 18d45468-generator-element generator-element
8 verbose lock generator-element /Users/adilliwal/.npm/18d45468-generator-element.lock
9 silly lockFile 18d45468-generator-element generator-element
10 silly lockFile 18d45468-generator-element generator-element
11 verbose addNamed [ 'generator-element', '' ]
12 verbose addNamed [ null, '*' ]
13 silly lockFile 63465fc0-generator-element generator-element@
14 verbose lock generator-element@ /Users/adilliwal/.npm/63465fc0-generator-element.lock
15 silly addNameRange { name: 'generator-element', range: '*', hasData: false }
16 verbose request where is /generator-element
17 verbose request registry https://registry.npmjs.org/
18 verbose request id b938ff99506aba95
19 verbose url raw /generator-element
20 verbose url resolving [ 'https://registry.npmjs.org/', './generator-element' ]
21 verbose url resolved https://registry.npmjs.org/generator-element
22 verbose request where is https://registry.npmjs.org/generator-element
23 info trying registry request attempt 1 at 10:58:15
24 http GET https://registry.npmjs.org/generator-element
25 http 200 https://registry.npmjs.org/generator-element
26 silly registry.get cb [ 200,
26 silly registry.get   { date: 'Wed, 31 Dec 2014 09:58:15 GMT',
26 silly registry.get     server: 'CouchDB/1.5.0 (Erlang OTP/R16B03)',
26 silly registry.get     etag: '"991PQRVP0VDTWRO5GG5WGR87"',
26 silly registry.get     'content-type': 'application/json',
26 silly registry.get     'cache-control': 'max-age=60',
26 silly registry.get     'content-length': '13765',
26 silly registry.get     'accept-ranges': 'bytes',
26 silly registry.get     via: '1.1 varnish',
26 silly registry.get     age: '0',
26 silly registry.get     'x-served-by': 'cache-ams4130-AMS',
26 silly registry.get     'x-cache': 'MISS',
26 silly registry.get     'x-cache-hits': '0',
26 silly registry.get     'x-timer': 'S1420019895.684277,VS0,VE313',
26 silly registry.get     vary: 'Accept',
26 silly registry.get     'keep-alive': 'timeout=10, max=50',
26 silly registry.get     connection: 'Keep-Alive' } ]
27 silly addNameRange number 2 { name: 'generator-element', range: '*', hasData: true }
28 silly addNameRange versions [ 'generator-element',
28 silly addNameRange   [ '0.0.0', '0.1.2', '0.1.3', '0.1.4', '0.1.5', '0.1.7', '1.0.0' ] ]
29 verbose addNamed [ 'generator-element', '1.0.0' ]
30 verbose addNamed [ '1.0.0', '1.0.0' ]
31 silly lockFile 9014c03c-generator-element-1-0-0 generator-element@1.0.0
32 verbose lock generator-element@1.0.0 /Users/adilliwal/.npm/9014c03c-generator-element-1-0-0.lock
33 silly lockFile 1dc55c9e-ment-generator-element-1-0-0-tgz https://registry.npmjs.org/generator-element/-/generator-element-1.0.0.tgz
34 verbose lock https://registry.npmjs.org/generator-element/-/generator-element-1.0.0.tgz /Users/adilliwal/.npm/1dc55c9e-ment-generator-element-1-0-0-tgz.lock
35 verbose addRemoteTarball [ 'https://registry.npmjs.org/generator-element/-/generator-element-1.0.0.tgz',
35 verbose addRemoteTarball   'abf5b9a46014030f4dd6598da3c50db7a73e8549' ]
36 info retry fetch attempt 1 at 10:58:16
37 verbose fetch to= /var/folders/wy/rxy5_355651cj1jhb_d2ykl9lv3qrn/T/npm-35409-SMbAKfVS/registry.npmjs.org/generator-element/-/generator-element-1.0.0.tgz
38 http GET https://registry.npmjs.org/generator-element/-/generator-element-1.0.0.tgz
39 http 200 https://registry.npmjs.org/generator-element/-/generator-element-1.0.0.tgz
40 silly lockFile 1dc55c9e-ment-generator-element-1-0-0-tgz https://registry.npmjs.org/generator-element/-/generator-element-1.0.0.tgz
41 silly lockFile 1dc55c9e-ment-generator-element-1-0-0-tgz https://registry.npmjs.org/generator-element/-/generator-element-1.0.0.tgz
42 silly lockFile 9014c03c-generator-element-1-0-0 generator-element@1.0.0
43 silly lockFile 9014c03c-generator-element-1-0-0 generator-element@1.0.0
44 silly lockFile 63465fc0-generator-element generator-element@
45 silly lockFile 63465fc0-generator-element generator-element@
46 silly resolved [ { name: 'generator-element',
46 silly resolved     version: '1.0.0',
46 silly resolved     description: 'Yeoman generator to create Custom Elements using Polymer, X-Tag or VanillaJS',
46 silly resolved     author:
46 silly resolved      { name: 'WebComponents.org',
46 silly resolved        url: 'https://github.com/webcomponents' },
46 silly resolved     license: 'MIT',
46 silly resolved     repository:
46 silly resolved      { type: 'git',
46 silly resolved        url: 'https://github.com/webcomponents/generator-element' },
46 silly resolved     main: 'elements/index.js',
46 silly resolved     engines: { node: '>=0.10.0' },
46 silly resolved     scripts: { test: 'mocha --reporter spec' },
46 silly resolved     keywords:
46 silly resolved      [ 'yeoman-generator',
46 silly resolved        'custom-elements',
46 silly resolved        'web-components',
46 silly resolved        'webcomponents',
46 silly resolved        'polymer',
46 silly resolved        'x-tag',
46 silly resolved        'vanillajs' ],
46 silly resolved     dependencies:
46 silly resolved      { chalk: '^0.5.1',
46 silly resolved        'pkg-name': '^1.0.0',
46 silly resolved        'validate-element-name': '^1.0.0',
46 silly resolved        'yeoman-generator': '^0.18.0' },
46 silly resolved     devDependencies: { mocha: '*' },
46 silly resolved     peerDependencies: { yo: '>=1.0.0' },
46 silly resolved     gitHead: 'b865f6ffd109c72a4c8a495ab251eeb4d4aa1e63',
46 silly resolved     bugs: { url: 'https://github.com/webcomponents/generator-element/issues' },
46 silly resolved     homepage: 'https://github.com/webcomponents/generator-element',
46 silly resolved     _id: 'generator-element@1.0.0',
46 silly resolved     _shasum: 'abf5b9a46014030f4dd6598da3c50db7a73e8549',
46 silly resolved     _from: 'generator-element@',
46 silly resolved     _npmVersion: '2.0.0',
46 silly resolved     _npmUser: { name: 'zenorocha', email: 'zno.rocha@gmail.com' },
46 silly resolved     maintainers: [ [Object], [Object] ],
46 silly resolved     dist:
46 silly resolved      { shasum: 'abf5b9a46014030f4dd6598da3c50db7a73e8549',
46 silly resolved        tarball: 'http://registry.npmjs.org/generator-element/-/generator-element-1.0.0.tgz' },
46 silly resolved     directories: {},
46 silly resolved     _resolved: 'https://registry.npmjs.org/generator-element/-/generator-element-1.0.0.tgz' } ]
47 info install generator-element@1.0.0 into /usr/local/lib
48 info installOne generator-element@1.0.0
49 verbose lib/node_modules/generator-element unbuild
50 verbose tar unpack /Users/adilliwal/.npm/generator-element/1.0.0/package.tgz
51 silly lockFile 0722bf97-b-node-modules-generator-element tar:///usr/local/lib/node_modules/generator-element
52 verbose lock tar:///usr/local/lib/node_modules/generator-element /Users/adilliwal/.npm/0722bf97-b-node-modules-generator-element.lock
53 silly lockFile f4505c62-erator-element-1-0-0-package-tgz tar:///Users/adilliwal/.npm/generator-element/1.0.0/package.tgz
54 verbose lock tar:///Users/adilliwal/.npm/generator-element/1.0.0/package.tgz /Users/adilliwal/.npm/f4505c62-erator-element-1-0-0-package-tgz.lock
55 silly gunzTarPerm modes [ '755', '644' ]
56 error Error: EACCES, mkdir '/usr/local/lib/node_modules/generator-element'
56 error  { [Error: EACCES, mkdir '/usr/local/lib/node_modules/generator-element']
56 error   errno: 3,
56 error   code: 'EACCES',
56 error   path: '/usr/local/lib/node_modules/generator-element',
56 error   fstream_type: 'Directory',
56 error   fstream_path: '/usr/local/lib/node_modules/generator-element',
56 error   fstream_class: 'DirWriter',
56 error   fstream_stack:
56 error    [ '/usr/local/lib/node_modules/npm/node_modules/fstream/lib/dir-writer.js:36:23',
56 error      '/usr/local/lib/node_modules/npm/node_modules/mkdirp/index.js:46:53',
56 error      'Object.oncomplete (fs.js:107:15)' ] }
57 error Please try running this command again as root/Administrator.
58 error System Darwin 14.0.0
59 error command "node" "/usr/local/bin/npm" "install" "-g" "generator-element"
60 error cwd /Users/adilliwal/web/learn/myFirstElem
61 error node -v v0.10.33
62 error npm -v 1.4.28
63 error path /usr/local/lib/node_modules/generator-element
64 error fstream_path /usr/local/lib/node_modules/generator-element
65 error fstream_type Directory
66 error fstream_class DirWriter
67 error code EACCES
68 error errno 3
69 error stack Error: EACCES, mkdir '/usr/local/lib/node_modules/generator-element'
70 error fstream_stack /usr/local/lib/node_modules/npm/node_modules/fstream/lib/dir-writer.js:36:23
70 error fstream_stack /usr/local/lib/node_modules/npm/node_modules/mkdirp/index.js:46:53
70 error fstream_stack Object.oncomplete (fs.js:107:15)
71 verbose exit [ 3, true ]
